C51 COMPILER V9.60.7.0   EXP10P2                                                           03/31/2025 18:19:05 PAGE 1   


C51 COMPILER V9.60.7.0, COMPILATION OF MODULE EXP10P2
OBJECT MODULE PLACED IN .\Objects\exp10p2.obj
COMPILER INVOKED BY: C:\users\rotten\Desktop\C51\BIN\C51.exe Experiment10\exp10p2.c OPTIMIZE(8,SPEED) BROWSE DEBUG OBJEC
                    -TEXTEND PRINT(.\Listings\exp10p2.lst) TABS(2) OBJECT(.\Objects\exp10p2.obj)

line level    source

   1          #include <reg51.h>
   2          sbit en = P1^0;
   3          sbit in1 = P1^1;
   4          sbit in2 = P1^2;
   5          sbit dir = P2^0;
   6          sbit inc = P2^1;
   7          sbit dec = P2^2;
   8          
   9          unsigned char duty = 50;
  10          void PWM(unsigned char duty){
  11   1        unsigned int i;
  12   1        for(i = 0; i < 255; i++){
  13   2          en = (i < duty) ? 1 : 0;
  14   2        }
  15   1      }
  16          
  17          void main(){
  18   1        while(1){
  19   2          if(dir){
  20   3            in1 = 1;
  21   3            in2 = 0;
  22   3          }else{
  23   3          in1 = 0;
  24   3          in2 = 1;
  25   3          }
  26   2          if(!inc && duty < 255){
  27   3            duty += 1;
  28   3            while(!inc);
  29   3          }
  30   2          if(!dec && duty > 0){
  31   3            duty -= 1;
  32   3            while(!dec);
  33   3          }
  34   2          PWM(duty);
  35   2        }
  36   1      }


MODULE INFORMATION:   STATIC OVERLAYABLE
   CODE SIZE        =     79    ----
   CONSTANT SIZE    =   ----    ----
   XDATA SIZE       =   ----    ----
   PDATA SIZE       =   ----    ----
   DATA SIZE        =      1    ----
   IDATA SIZE       =   ----    ----
   BIT SIZE         =   ----    ----
END OF MODULE INFORMATION.


C51 COMPILATION COMPLETE.  0 WARNING(S),  0 ERROR(S)
