C51 COMPILER V9.60.7.0   EXP10P1                                                           03/31/2025 18:12:48 PAGE 1   


C51 COMPILER V9.60.7.0, COMPILATION OF MODULE EXP10P1
OBJECT MODULE PLACED IN .\Objects\exp10p1.obj
COMPILER INVOKED BY: C:\users\rotten\Desktop\C51\BIN\C51.exe Experiment10\exp10p1.c OPTIMIZE(8,SPEED) BROWSE DEBUG OBJEC
                    -TEXTEND PRINT(.\Listings\exp10p1.lst) TABS(2) OBJECT(.\Objects\exp10p1.obj)

line level    source

   1          #include <reg51.h>
   2          void MSDelay(unsigned int time){
   3   1        unsigned int i, j;
   4   1        for(i = 0 ; i < time ; i++){
   5   2          for(j = 0 ; j < 1275 ; j++);
   6   2        }
   7   1      }
   8          
   9          void main(){
  10   1        unsigned char step[] = {0x09, 0x03, 0x06, 0x0C}, i = 0;
  11   1        while(1){
  12   2          P1 = step[i];
  13   2          MSDelay(100);
  14   2          i = (i + 1)%4;
  15   2        }
  16   1      }


MODULE INFORMATION:   STATIC OVERLAYABLE
   CODE SIZE        =     74    ----
   CONSTANT SIZE    =      4    ----
   XDATA SIZE       =   ----    ----
   PDATA SIZE       =   ----    ----
   DATA SIZE        =   ----       4
   IDATA SIZE       =   ----    ----
   BIT SIZE         =   ----    ----
END OF MODULE INFORMATION.


C51 COMPILATION COMPLETE.  0 WARNING(S),  0 ERROR(S)
