A51 MACRO ASSEMBLER  EXP4P5                                                               03/31/2025 15:27:56 PAGE     1


MACRO ASSEMBLER A51 V8.2.7.0
OBJECT MODULE PLACED IN .\Objects\exp4p5.obj
ASSEMBLER INVOKED BY: C:\users\rotten\Desktop\C51\BIN\A51.EXE Experiment4\exp4p5.asm SET(SMALL) DEBUG PRINT(.\Listings\e
                      xp4p5.lst) OBJECT(.\Objects\exp4p5.obj) EP

LOC  OBJ            LINE     SOURCE

0000                   1     ORG 0000H
0000 904200            2             MOV DPTR, #4200H
0003 E0                3             MOVX A, @DPTR
0004 F8                4             MOV R0, A
0005 A3                5             INC DPTR
0006 E0                6             MOVX A, @DPTR
0007 F5F0              7             MOV B, A
0009 E8                8             MOV A, R0
000A 84                9             DIV AB
000B A3               10             INC DPTR
000C F0               11             MOVX @DPTR, A
000D A3               12             INC DPTR
000E E5F0             13             MOV A, B
0010 F0               14             MOVX @DPTR, A
0011 80FE             15     HERE: SJMP HERE
                      16     END
A51 MACRO ASSEMBLER  EXP4P5                                                               03/31/2025 15:27:56 PAGE     2

SYMBOL TABLE LISTING
------ ----- -------


N A M E             T Y P E  V A L U E   ATTRIBUTES

B. . . . . . . . .  D ADDR   00F0H   A   
HERE . . . . . . .  C ADDR   0011H   A   


REGISTER BANK(S) USED: 0 


ASSEMBLY COMPLETE.  0 WARNING(S), 0 ERROR(S)
