C51 COMPILER V9.60.7.0   EXP8P3                                                            03/31/2025 17:36:44 PAGE 1   


C51 COMPILER V9.60.7.0, COMPILATION OF MODULE EXP8P3
OBJECT MODULE PLACED IN .\Objects\exp8p3.obj
COMPILER INVOKED BY: C:\users\rotten\Desktop\C51\BIN\C51.exe Experiment8\exp8p3.c OPTIMIZE(8,SPEED) BROWSE DEBUG OBJECTE
                    -XTEND PRINT(.\Listings\exp8p3.lst) TABS(2) OBJECT(.\Objects\exp8p3.obj)

line level    source

   1          #include <reg51.h>
   2          void main(){
   3   1        unsigned char value = 0xFD;
   4   1        P0 = value/100;
   5   1        P1 = (value%100)/10;
   6   1        P2 = value % 10;
   7   1      }


MODULE INFORMATION:   STATIC OVERLAYABLE
   CODE SIZE        =     31    ----
   CONSTANT SIZE    =   ----    ----
   XDATA SIZE       =   ----    ----
   PDATA SIZE       =   ----    ----
   DATA SIZE        =   ----    ----
   IDATA SIZE       =   ----    ----
   BIT SIZE         =   ----    ----
END OF MODULE INFORMATION.


C51 COMPILATION COMPLETE.  0 WARNING(S),  0 ERROR(S)
